K_nei: 10
300
1200
Start searching
300
1200
efK: 1 qt: 0.00017start recall
 Recall: 0.6109
efK: 1 qt: 0.00018start recall
 Recall: 0.6211
efK: 1 qt: 0.00019start recall
 Recall: 0.6243
efK: 2 qt: 0.0002start recall
 Recall: 0.6466
efK: 2 qt: 0.0002start recall
 Recall: 0.6466
efK: 2 qt: 0.0002start recall
 Recall: 0.6547
efK: 3 qt: 0.00022start recall
 Recall: 0.6716
efK: 3 qt: 0.00022start recall
 Recall: 0.6716
efK: 3 qt: 0.0002start recall
 Recall: 0.6469
efK: 4 qt: 0.00021start recall
 Recall: 0.6399
efK: 4 qt: 0.00022start recall
 Recall: 0.6399
efK: 4 qt: 0.0002start recall
 Recall: 0.6393
efK: 5 qt: 0.00022start recall
 Recall: 0.6453
efK: 5 qt: 0.00021start recall
 Recall: 0.6453
efK: 5 qt: 0.00021start recall
 Recall: 0.6453
efK: 6 qt: 0.00025start recall
 Recall: 0.6867
efK: 6 qt: 0.00024start recall
 Recall: 0.6873
efK: 6 qt: 0.00024start recall
 Recall: 0.6873
efK: 7 qt: 0.00026start recall
 Recall: 0.6749
efK: 7 qt: 0.00027start recall
 Recall: 0.668
efK: 7 qt: 0.00026start recall
 Recall: 0.668
efK: 8 qt: 0.0003start recall
 Recall: 0.6846
efK: 8 qt: 0.00029start recall
 Recall: 0.6846
efK: 8 qt: 0.00029start recall
 Recall: 0.6824
efK: 9 qt: 0.0003start recall
 Recall: 0.6733
efK: 9 qt: 0.0003start recall
 Recall: 0.6733
efK: 9 qt: 0.00029start recall
 Recall: 0.6703
efK: 10 qt: 0.00031start recall
 Recall: 0.6706
efK: 10 qt: 0.00031start recall
 Recall: 0.6706
efK: 10 qt: 0.00025start recall
 Recall: 0.6275
efK: 11 qt: 0.00028start recall
 Recall: 0.6344
efK: 11 qt: 0.00027start recall
 Recall: 0.6344
efK: 11 qt: 0.00034start recall
 Recall: 0.6695
efK: 12 qt: 0.00033start recall
 Recall: 0.6704
efK: 12 qt: 0.00036start recall
 Recall: 0.6856
efK: 12 qt: 0.00036start recall
 Recall: 0.6885
efK: 13 qt: 0.00032start recall
 Recall: 0.6628
efK: 13 qt: 0.0003start recall
 Recall: 0.6553
efK: 13 qt: 0.00032start recall
 Recall: 0.6651
efK: 14 qt: 0.00036start recall
 Recall: 0.7679
efK: 14 qt: 0.00035start recall
 Recall: 0.7679
efK: 14 qt: 0.00038start recall
 Recall: 0.7303
efK: 15 qt: 0.00041start recall
 Recall: 0.7266
efK: 15 qt: 0.0004start recall
 Recall: 0.7255
efK: 15 qt: 0.00039start recall
 Recall: 0.7294
efK: 16 qt: 0.00041start recall
 Recall: 0.7004
efK: 16 qt: 0.00038start recall
 Recall: 0.6745
efK: 16 qt: 0.0004start recall
 Recall: 0.6761
efK: 17 qt: 0.00041start recall
 Recall: 0.6771
efK: 17 qt: 0.00042start recall
 Recall: 0.7138
efK: 17 qt: 0.00044start recall
 Recall: 0.7809
efK: 18 qt: 0.00042start recall
 Recall: 0.7395
efK: 18 qt: 0.00041start recall
 Recall: 0.6752
efK: 18 qt: 0.00041start recall
 Recall: 0.6924
efK: 19 qt: 0.00043start recall
 Recall: 0.7259
efK: 19 qt: 0.00044start recall
 Recall: 0.7171
efK: 19 qt: 0.00047start recall
 Recall: 0.6966
efK: 20 qt: 0.00047start recall
 Recall: 0.692
efK: 20 qt: 0.00048start recall
 Recall: 0.6916
efK: 20 qt: 0.00046start recall
 Recall: 0.7657
efK: 21 qt: 0.00045start recall
 Recall: 0.7482
efK: 21 qt: 0.00041start recall
 Recall: 0.6749
efK: 21 qt: 0.00042start recall
 Recall: 0.6764
efK: 22 qt: 0.00048start recall
 Recall: 0.6854
efK: 22 qt: 0.00048start recall
 Recall: 0.6851
efK: 22 qt: 0.00046start recall
 Recall: 0.6868
efK: 23 qt: 0.00048start recall
 Recall: 0.7163
efK: 23 qt: 0.00051start recall
 Recall: 0.7347
efK: 23 qt: 0.00052start recall
 Recall: 0.7657
efK: 24 qt: 0.00052start recall
 Recall: 0.762
efK: 24 qt: 0.00046start recall
 Recall: 0.6899
efK: 24 qt: 0.00047start recall
 Recall: 0.7068
efK: 25 qt: 0.00045start recall
 Recall: 0.7473
efK: 25 qt: 0.00047start recall
 Recall: 0.7112
efK: 25 qt: 0.0005start recall
 Recall: 0.6791
efK: 26 qt: 0.0005start recall
 Recall: 0.6924
efK: 26 qt: 0.00051start recall
 Recall: 0.6962
efK: 26 qt: 0.00047start recall
 Recall: 0.707
efK: 27 qt: 0.00053start recall
 Recall: 0.72
efK: 27 qt: 0.00053start recall
 Recall: 0.7284
efK: 27 qt: 0.00051start recall
 Recall: 0.7318
efK: 28 qt: 0.00052start recall
 Recall: 0.7332
efK: 28 qt: 0.00053start recall
 Recall: 0.7383
efK: 28 qt: 0.00049start recall
 Recall: 0.6854
efK: 29 qt: 0.00049start recall
 Recall: 0.6815
efK: 29 qt: 0.0005start recall
 Recall: 0.6903
efK: 29 qt: 0.00052start recall
 Recall: 0.7128
efK: 30 qt: 0.00057start recall
 Recall: 0.7484
efK: 30 qt: 0.00055start recall
 Recall: 0.7021
efK: 30 qt: 0.00056start recall
 Recall: 0.7095
efK: 31 qt: 0.00033start recall
 Recall: 0.7325
efK: 31 qt: 0.00052start recall
 Recall: 0.7207
efK: 31 qt: 0.00049start recall
 Recall: 0.6808
efK: 32 qt: 0.00051start recall
 Recall: 0.6794
efK: 32 qt: 0.00049start recall
 Recall: 0.6798
efK: 32 qt: 0.00052start recall
 Recall: 0.7003
efK: 33 qt: 0.00057start recall
 Recall: 0.7047
efK: 33 qt: 0.00053start recall
 Recall: 0.6826
efK: 33 qt: 0.00055start recall
 Recall: 0.6821
efK: 34 qt: 0.00055start recall
 Recall: 0.6822
efK: 34 qt: 0.00056start recall
 Recall: 0.6782
efK: 34 qt: 0.00056start recall
 Recall: 0.6896
efK: 35 qt: 0.00056start recall
 Recall: 0.7007
efK: 35 qt: 0.00052start recall
 Recall: 0.684
efK: 35 qt: 0.00053start recall
 Recall: 0.6936
efK: 36 qt: 0.00057start recall
 Recall: 0.7437
efK: 36 qt: 0.00052start recall
 Recall: 0.7056
efK: 36 qt: 0.00051start recall
 Recall: 0.6843
efK: 37 qt: 0.00059start recall
 Recall: 0.7
efK: 37 qt: 0.00061start recall
 Recall: 0.7442
efK: 37 qt: 0.00063start recall
 Recall: 0.788
efK: 38 qt: 0.00055start recall
 Recall: 0.683
efK: 38 qt: 0.00032start recall
 Recall: 0.6906
efK: 38 qt: 0.00057start recall
 Recall: 0.7429
efK: 39 qt: 0.00035start recall
 Recall: 0.7236
efK: 39 qt: 0.00055start recall
 Recall: 0.6847
efK: 39 qt: 0.0006start recall
 Recall: 0.7271
efK: 40 qt: 0.00062start recall
 Recall: 0.7329
efK: 40 qt: 0.00055start recall
 Recall: 0.6847
efK: 40 qt: 0.00056start recall
 Recall: 0.6965
efK: 41 qt: 0.00059start recall
 Recall: 0.7038
efK: 41 qt: 0.00053start recall
 Recall: 0.712
efK: 41 qt: 0.00051start recall
 Recall: 0.7116
efK: 42 qt: 0.00036start recall
 Recall: 0.7119
efK: 42 qt: 0.00059start recall
 Recall: 0.7064
efK: 42 qt: 0.00058start recall
 Recall: 0.7065
efK: 43 qt: 0.00058start recall
 Recall: 0.7054
efK: 43 qt: 0.00059start recall
 Recall: 0.7202
efK: 43 qt: 0.00059start recall
 Recall: 0.7338
efK: 44 qt: 0.00061start recall
 Recall: 0.7047
efK: 44 qt: 0.00055start recall
 Recall: 0.712
efK: 44 qt: 0.00057start recall
 Recall: 0.7219
efK: 45 qt: 0.00062start recall
 Recall: 0.705
efK: 45 qt: 0.00057start recall
 Recall: 0.6973
efK: 45 qt: 0.00058start recall
 Recall: 0.7241
efK: 46 qt: 0.00036start recall
 Recall: 0.8072
efK: 46 qt: 0.00058start recall
 Recall: 0.7923
efK: 46 qt: 0.00057start recall
 Recall: 0.7718
efK: 47 qt: 0.00059start recall
 Recall: 0.7522
efK: 47 qt: 0.00042start recall
 Recall: 0.7364
efK: 47 qt: 0.00061start recall
 Recall: 0.7238
efK: 48 qt: 0.00057start recall
 Recall: 0.6869
efK: 48 qt: 0.00062start recall
 Recall: 0.6952
efK: 48 qt: 0.00065start recall
 Recall: 0.7069
efK: 49 qt: 0.00058start recall
 Recall: 0.7011
efK: 49 qt: 0.00058start recall
 Recall: 0.7335
efK: 49 qt: 0.0006start recall
 Recall: 0.7395
efK: 50 qt: 0.00035start recall
 Recall: 0.7232
efK: 50 qt: 0.00058start recall
 Recall: 0.7085
efK: 50 qt: 0.00062start recall
 Recall: 0.6958
efK: 51 qt: 0.00057start recall
 Recall: 0.7031
efK: 51 qt: 0.00038start recall
 Recall: 0.7011
efK: 51 qt: 0.00062start recall
 Recall: 0.6982
efK: 52 qt: 0.00056start recall
 Recall: 0.6855
efK: 52 qt: 0.00056start recall
 Recall: 0.6996
efK: 52 qt: 0.00051start recall
 Recall: 0.7232
efK: 53 qt: 0.00061start recall
 Recall: 0.6938
efK: 53 qt: 0.00056start recall
 Recall: 0.689
efK: 53 qt: 0.00034start recall
 Recall: 0.6866
efK: 54 qt: 0.00066start recall
 Recall: 0.7114
efK: 54 qt: 0.00073start recall
 Recall: 0.7316
efK: 54 qt: 0.00037start recall
 Recall: 0.7048
efK: 55 qt: 0.00058start recall
 Recall: 0.6992
efK: 55 qt: 0.00053start recall
 Recall: 0.6976
efK: 55 qt: 0.00062start recall
 Recall: 0.7108
efK: 56 qt: 0.00058start recall
 Recall: 0.7089
efK: 56 qt: 0.00036start recall
 Recall: 0.7011
efK: 56 qt: 0.00057start recall
 Recall: 0.6901
efK: 57 qt: 0.00056start recall
 Recall: 0.6859
efK: 57 qt: 0.00061start recall
 Recall: 0.7198
efK: 57 qt: 0.0004start recall
 Recall: 0.7142
efK: 58 qt: 0.00067start recall
 Recall: 0.7129
efK: 58 qt: 0.00053start recall
 Recall: 0.6859
efK: 58 qt: 0.00058start recall
 Recall: 0.6966
efK: 59 qt: 0.0007start recall
 Recall: 0.7172
efK: 59 qt: 0.00054start recall
 Recall: 0.6867
efK: 59 qt: 0.0005start recall
 Recall: 0.7043
efK: 60 qt: 0.00051start recall
 Recall: 0.7285
efK: 60 qt: 0.00061start recall
 Recall: 0.7088
efK: 60 qt: 0.00056start recall
 Recall: 0.7085
efK: 61 qt: 0.00036start recall
 Recall: 0.7046
efK: 61 qt: 0.00055start recall
 Recall: 0.6941
efK: 61 qt: 0.00051start recall
 Recall: 0.6864
efK: 62 qt: 0.00058start recall
 Recall: 0.7839
efK: 62 qt: 0.00059start recall
 Recall: 0.7598
efK: 62 qt: 0.00059start recall
 Recall: 0.6964
efK: 63 qt: 0.00032start recall
 Recall: 0.6868
efK: 63 qt: 0.00058start recall
 Recall: 0.7064
efK: 63 qt: 0.00064start recall
 Recall: 0.7219
efK: 64 qt: 0.00057start recall
 Recall: 0.7071
efK: 64 qt: 0.00042start recall
 Recall: 0.717
efK: 64 qt: 0.00062start recall
 Recall: 0.7208
efK: 65 qt: 0.00051start recall
 Recall: 0.6865
efK: 65 qt: 0.00058start recall
 Recall: 0.7156
efK: 65 qt: 0.00069start recall
 Recall: 0.7566
efK: 66 qt: 0.00053start recall
 Recall: 0.7029
efK: 66 qt: 0.00055start recall
 Recall: 0.7085
efK: 66 qt: 0.00062start recall
 Recall: 0.7156
efK: 67 qt: 0.00078start recall
 Recall: 0.7779
efK: 67 qt: 0.00046start recall
 Recall: 0.6944
efK: 67 qt: 0.00055start recall
 Recall: 0.6914
efK: 68 qt: 0.00048start recall
 Recall: 0.6862
efK: 68 qt: 0.00049start recall
 Recall: 0.6873
efK: 68 qt: 0.00056start recall
 Recall: 0.6877
efK: 69 qt: 0.00073start recall
 Recall: 0.7335
efK: 69 qt: 0.00058start recall
 Recall: 0.7229
efK: 69 qt: 0.00064start recall
 Recall: 0.7288
efK: 70 qt: 0.00031start recall
 Recall: 0.7385
efK: 70 qt: 0.0005start recall
 Recall: 0.7243
efK: 70 qt: 0.00032start recall
 Recall: 0.6892
efK: 71 qt: 0.00055start recall
 Recall: 0.6886
efK: 71 qt: 0.00056start recall
 Recall: 0.6888
efK: 71 qt: 0.00061start recall
 Recall: 0.6872
efK: 72 qt: 0.00061start recall
 Recall: 0.7041
efK: 72 qt: 0.00066start recall
 Recall: 0.7191
efK: 72 qt: 0.00052start recall
 Recall: 0.6876
efK: 73 qt: 0.00052start recall
 Recall: 0.6962
efK: 73 qt: 0.00053start recall
 Recall: 0.7028
efK: 73 qt: 0.00048start recall
 Recall: 0.6874
efK: 74 qt: 0.00051start recall
 Recall: 0.6902
efK: 74 qt: 0.00076start recall
 Recall: 0.7418
efK: 74 qt: 0.00048start recall
 Recall: 0.7089
efK: 75 qt: 0.00056start recall
 Recall: 0.7029
efK: 75 qt: 0.00047start recall
 Recall: 0.6885
efK: 75 qt: 0.00048start recall
 Recall: 0.742
efK: 76 qt: 0.00053start recall
 Recall: 0.8016
efK: 76 qt: 0.00051start recall
 Recall: 0.7125
efK: 76 qt: 0.00053start recall
 Recall: 0.7129
efK: 77 qt: 0.00051start recall
 Recall: 0.746
efK: 77 qt: 0.0005start recall
 Recall: 0.7666
efK: 77 qt: 0.00049start recall
 Recall: 0.7858
efK: 78 qt: 0.00053start recall
 Recall: 0.7062
efK: 78 qt: 0.00053start recall
 Recall: 0.7052
efK: 78 qt: 0.00048start recall
 Recall: 0.7386
efK: 79 qt: 0.00057start recall
 Recall: 0.7343
efK: 79 qt: 0.00071start recall
 Recall: 0.7234
efK: 79 qt: 0.00047start recall
 Recall: 0.7056
efK: 80 qt: 0.0005start recall
 Recall: 0.704
efK: 80 qt: 0.00058start recall
 Recall: 0.707
efK: 80 qt: 0.00076start recall
 Recall: 0.7453
efK: 81 qt: 0.00042start recall
 Recall: 0.7866
efK: 81 qt: 0.00051start recall
 Recall: 0.7896
efK: 81 qt: 0.00044start recall
 Recall: 0.6874
efK: 82 qt: 0.00058start recall
 Recall: 0.7404
efK: 82 qt: 0.00077start recall
 Recall: 0.8202
efK: 82 qt: 0.00071start recall
 Recall: 0.8228
efK: 83 qt: 0.00053start recall
 Recall: 0.7438
efK: 83 qt: 0.00049start recall
 Recall: 0.7249
efK: 83 qt: 0.00027start recall
 Recall: 0.6874
efK: 84 qt: 0.00043start recall
 Recall: 0.6907
efK: 84 qt: 0.0009start recall
 Recall: 0.7519
efK: 84 qt: 0.00044start recall
 Recall: 0.6874
efK: 85 qt: 0.00045start recall
 Recall: 0.6881
efK: 85 qt: 0.00047start recall
 Recall: 0.6893
efK: 85 qt: 0.00043start recall
 Recall: 0.7113
efK: 86 qt: 0.00045start recall
 Recall: 0.7425
efK: 86 qt: 0.00047start recall
 Recall: 0.7119
efK: 86 qt: 0.00048start recall
 Recall: 0.6882
efK: 87 qt: 0.00056start recall
 Recall: 0.6976
efK: 87 qt: 0.00055start recall
 Recall: 0.7007
efK: 87 qt: 0.00043start recall
 Recall: 0.7002
efK: 88 qt: 0.00044start recall
 Recall: 0.7015
efK: 88 qt: 0.00051start recall
 Recall: 0.7071
efK: 88 qt: 0.00044start recall
 Recall: 0.6925
efK: 89 qt: 0.00041start recall
 Recall: 0.6875
efK: 89 qt: 0.00072start recall
 Recall: 0.7393
efK: 89 qt: 0.00038start recall
 Recall: 0.7197
efK: 90 qt: 0.0004start recall
 Recall: 0.6874
efK: 90 qt: 0.00043start recall
 Recall: 0.6874
efK: 90 qt: 0.00044start recall
 Recall: 0.6875
efK: 91 qt: 0.00045start recall
 Recall: 0.6919
efK: 91 qt: 0.00044start recall
 Recall: 0.697
efK: 91 qt: 0.00046start recall
 Recall: 0.6901
efK: 92 qt: 0.00045start recall
 Recall: 0.6875
efK: 92 qt: 0.00089start recall
 Recall: 0.8072
efK: 92 qt: 0.00035start recall
 Recall: 0.6955
efK: 93 qt: 0.00041start recall
 Recall: 0.6875
efK: 93 qt: 0.00046start recall
 Recall: 0.7105
efK: 93 qt: 0.00048start recall
 Recall: 0.7163
efK: 94 qt: 0.00082start recall
 Recall: 0.7794
efK: 94 qt: 0.00048start recall
 Recall: 0.7026
efK: 94 qt: 0.00058start recall
 Recall: 0.6949
efK: 95 qt: 0.00086start recall
 Recall: 0.8127
efK: 95 qt: 0.00076start recall
 Recall: 0.7884
efK: 95 qt: 0.00034start recall
 Recall: 0.699
efK: 96 qt: 0.0004start recall
 Recall: 0.6875
efK: 96 qt: 0.00049start recall
 Recall: 0.6973
efK: 96 qt: 0.0005start recall
 Recall: 0.7011
efK: 97 qt: 0.00091start recall
 Recall: 0.8209
efK: 97 qt: 0.00036start recall
 Recall: 0.6875
efK: 97 qt: 0.00042start recall
 Recall: 0.6875
efK: 98 qt: 0.0005start recall
 Recall: 0.8306
efK: 98 qt: 0.00058start recall
 Recall: 0.8225
efK: 98 qt: 0.00074start recall
 Recall: 0.8012
efK: 99 qt: 0.00041start recall
 Recall: 0.6875
efK: 99 qt: 0.00044start recall
 Recall: 0.6917
efK: 99 qt: 0.00083start recall
 Recall: 0.8093
efK: 100 qt: 0.00095start recall
 Recall: 0.8005
efK: 100 qt: 0.0004start recall
 Recall: 0.6943
efK: 100 qt: 0.00044start recall
 Recall: 0.6978
efK: 120 qt: 0.00086start recall
 Recall: 0.8593
efK: 120 qt: 0.00082start recall
 Recall: 0.852
efK: 120 qt: 0.00025start recall
 Recall: 0.6984
efK: 140 qt: 0.00026start recall
 Recall: 0.6984
efK: 140 qt: 0.00032start recall
 Recall: 0.6984
efK: 140 qt: 0.00076start recall
 Recall: 0.8497
efK: 160 qt: 0.00031start recall
 Recall: 0.7137
efK: 160 qt: 0.00037start recall
 Recall: 0.6875
efK: 160 qt: 0.00043start recall
 Recall: 0.7334
efK: 180 qt: 0.00052start recall
 Recall: 0.8002
efK: 180 qt: 0.00041start recall
 Recall: 0.7066
efK: 180 qt: 0.00039start recall
 Recall: 0.6926
efK: 200 qt: 0.00083start recall
 Recall: 0.8287
efK: 200 qt: 0.00034start recall
 Recall: 0.7388
efK: 200 qt: 0.00038start recall
 Recall: 0.6934
efK: 220 qt: 0.00055start recall
 Recall: 0.739
efK: 220 qt: 0.00079start recall
 Recall: 0.799
efK: 220 qt: 0.00027start recall
 Recall: 0.7093
efK: 240 qt: 0.00039start recall
 Recall: 0.7093
efK: 240 qt: 0.00083start recall
 Recall: 0.866
efK: 240 qt: 0.00029start recall
 Recall: 0.7058
efK: 260 qt: 0.00039start recall
 Recall: 0.7058
efK: 260 qt: 0.00077start recall
 Recall: 0.8073
efK: 260 qt: 0.00052start recall
 Recall: 0.7817
efK: 280 qt: 0.00038start recall
 Recall: 0.7504
efK: 280 qt: 0.00039start recall
 Recall: 0.7339
efK: 280 qt: 0.0004start recall
 Recall: 0.7089
efK: 300 qt: 0.00038start recall
 Recall: 0.7224
efK: 300 qt: 0.00038start recall
 Recall: 0.7504
efK: 300 qt: 0.00038start recall
 Recall: 0.7355
efK: 350 qt: 0.00037start recall
 Recall: 0.6875
efK: 350 qt: 0.00037start recall
 Recall: 0.6876
efK: 350 qt: 0.00041start recall
 Recall: 0.688
efK: 400 qt: 0.00042start recall
 Recall: 0.6879
efK: 400 qt: 0.00037start recall
 Recall: 0.6909
efK: 400 qt: 0.00037start recall
 Recall: 0.6909
efK: 450 qt: 0.00094start recall
 Recall: 0.8688
efK: 450 qt: 0.00083start recall
 Recall: 0.8689
efK: 450 qt: 0.00031start recall
 Recall: 0.7188
efK: 500 qt: 0.00038start recall
 Recall: 0.7121
efK: 500 qt: 0.00075start recall
 Recall: 0.8048
efK: 500 qt: 0.00065start recall
 Recall: 0.857
efK: 550 qt: 0.00072start recall
 Recall: 0.7895
efK: 550 qt: 0.00027start recall
 Recall: 0.6899
efK: 550 qt: 0.00043start recall
 Recall: 0.6961
efK: 600 qt: 0.00088start recall
 Recall: 0.8321
efK: 600 qt: 0.00045start recall
 Recall: 0.7095
efK: 600 qt: 0.00074start recall
 Recall: 0.7736
efK: 650 qt: 0.00068start recall
 Recall: 0.7725
efK: 650 qt: 0.00026start recall
 Recall: 0.7091
efK: 650 qt: 0.00041start recall
 Recall: 0.7039
efK: 700 qt: 0.00038start recall
 Recall: 0.6875
efK: 700 qt: 0.00042start recall
 Recall: 0.6977
efK: 700 qt: 0.00078start recall
 Recall: 0.8591
efK: 750 qt: 0.00036start recall
 Recall: 0.6898
efK: 750 qt: 0.00044start recall
 Recall: 0.6898
efK: 750 qt: 0.00043start recall
 Recall: 0.6898
efK: 800 qt: 0.00043start recall
 Recall: 0.6898
efK: 800 qt: 0.00039start recall
 Recall: 0.7458
efK: 800 qt: 0.00038start recall
 Recall: 0.7458
finish searching
