K_nei: 20
0
600
start construction
1316462
2047827
1170189
1462735
585096
1901554
877643
731370
1755281
438822
1609008
1023916
0
146274
292548
2194100
1316463
2047828
585097
1
1755282
1023917
1609009
731371
438823
1901555
877644
1170190
1462736
2194101
146275
292549
1316464
2
877645
2047829
585098
1609010
1462737
1023918
438824
731372
1901556
1755283
2194102
1170191
146276
292550
3
1462738
2047830
1901557
877646
585099
1609011
1316465
1023919
438825
731373
292551
146277
1170192
2194103
1755284
1901558
1462739
585100
877647
2047831
1023920
438826
1609012
292552
1316466
1170193
4
731374
2194104
146278
1755285
1023921
292553
877648
585101
1462740
1901559
1170194
2047832
438827
1316467
1609013
731375
2194105
5
146279
1755286
1462741
877649
1023922
292554
1170195
2047833
1901560
585102
1316468
438828
1609014
6
2194106
731376
146280
1755287
1462742
877650
2047834
1170196
1023923
292555
1901561
585103
1316469
1609015
438829
2194107
146281
7
1755288
731377
1462743
1170197
877651
2047835
1023924
292556
1901562
585104
1316470
2194108
146282
8
1609016
1755289
438830
1462744
731378
877652
1170198
2047836
585105
1023925
292557
1901563
146283
1462745
1755290
2194109
9
1316471
1609017
438831
731379
877653
2047837
1170199
585106
1023926
292558
1901564
146284
1755291
1462746
2194110
1316472
10
1609018
438832
877654
585107
1170200
2047838
731380
1023927
292559
146285
1755292
1462747
1901565
2194111
585108
877655
1609019
1316473
11
1170201
438833
2047839
731381
1023928
146286
292560
1755293
1462748
1901566
585109
877656
2194112
1170202
2047840
1609020
1316474
12
438834
731382
146287
1023929
1462749
1755294
292561
877657
585110
1170203
1901567
2047841
2194113
1609021
1462750
13
1316475
731383
146288
438835
1023930
877658
1755295
1170204
292562
585111
2047842
1462751
1901568
2194114
877659
1170205
14
1609022
1316476
731384
146289
1023931
1755296
438836
585112
292563
1462752
2047843
877660
1170206
1901569
2194115
146290
731385
1609023
1316477
15
1023932
1755297
438837
1462753
585113
1170207
292564
877661
2047844
146291
1901570
2194116
1755298
731386
1609024
1023933
16
1316478
1170208
585114
877662
1462754
438838
2047845
292565
146292
1755299
2194117
1901571
1023934
731387
17
585115
1609025
1170209
1462755
1316479
877663
2047846
438839
292566
146293
1755300
1170210
1462756
585116
1901572
2194118
731388
18
1023935
877664
1609026
1316480
2047847
438840
146294
1170211
292567
1755301
585117
1462757
1901573
2194119
877665
19
1023936
731389
1316481
2047848
1609027
1170212
146295
438841
1755302
292568
585118
877666
1462758
1901574
2194120
1170213
20
731390
2047849
1023937
146296
1609028
1316482
438842
1755303
585119
292569
877667
1462759
146297
1901575
2194121
1170214
2047850
21
1023938
731391
1316483
438843
1755304
1609029
585120
877668
1462760
292570
1170215
146298
2194122
1901576
2047851
22
1023939
731392
1755305
1316484
585121
1609030
438844
1462761
877669
146299
1170216
292571
2047852
2194123
1901577
23
1755306
731393
1462762
1023940
585122
1316485
1609031
438845
877670
146300
2047853
1170217
292572
2194124
1462763
1901578
1755307
585123
731394
24
1023941
877671
1609032
438846
1316486
146301
2047854
1170218
292573
2194125
1462764
1901579
585124
1755308
731395
25
1023942
2047855
877672
1170219
146302
1609033
1462765
1316487
438847
292574
2194126
1901580
585125
1755309
2047856
731396
26
1170220
877673
1023943
1462766
146303
1609034
438848
1316488
2194127
292575
585126
1755310
1901581
2047857
877674
1170221
731397
146304
27
1462767
1023944
1609035
2194128
438849
292576
1316489
1755311
585127
